TN:
SF:C:\Users\informatica07\git-dev-vs\Api_Reporter_Node_Typescript\lib\server.ts
FN:5,(anonymous_0)
FNF:1
FNH:0
FNDA:0,(anonymous_0)
DA:2,0
DA:5,0
DA:6,0
LF:3
LH:0
BRF:0
BRH:0
end_of_record
TN:
SF:C:\Users\informatica07\git-dev-vs\Api_Reporter_Node_Typescript\lib\controllers\loginController.ts
FN:6,(anonymous_0)
FN:7,(anonymous_1)
FN:41,(anonymous_2)
FNF:3
FNH:1
FNDA:0,(anonymous_0)
FNDA:0,(anonymous_1)
FNDA:1,(anonymous_2)
DA:1,1
DA:2,1
DA:4,1
DA:7,0
DA:9,0
DA:10,0
DA:16,0
DA:17,0
DA:24,0
DA:25,0
DA:32,0
DA:42,1
LF:12
LH:4
BRDA:9,0,0,0
BRDA:9,0,1,0
BRDA:16,1,0,0
BRDA:16,1,1,0
BRDA:24,2,0,0
BRDA:24,2,1,0
BRF:6
BRH:0
end_of_record
TN:
SF:C:\Users\informatica07\git-dev-vs\Api_Reporter_Node_Typescript\lib\models\userModel.ts
FNF:0
FNH:0
DA:1,1
DA:3,1
DA:5,1
DA:23,1
LF:4
LH:4
BRF:0
BRH:0
end_of_record
